This file contains any messages produced by compilers while
running configure, to aid debugging if configure makes a mistake.

It was created by configure, which was
generated by GNU Autoconf 2.69.  Invocation command line was

  $ ./configure --with-command-group=nagcmd

## --------- ##
## Platform. ##
## --------- ##

hostname = localhost.localdomain
uname -m = x86_64
uname -r = 2.6.32-220.el6.x86_64
uname -s = Linux
uname -v = #1 SMP Tue Dec 6 19:48:22 GMT 2011

/usr/bin/uname -p = unknown
/bin/uname -X     = unknown

/bin/arch              = x86_64
/usr/bin/arch -k       = unknown
/usr/convex/getsysinfo = unknown
/usr/bin/hostinfo      = unknown
/bin/machine           = unknown
/usr/bin/oslevel       = unknown
/bin/universe          = unknown

PATH: /usr/local/sbin
PATH: /usr/local/bin
PATH: /sbin
PATH: /bin
PATH: /usr/sbin
PATH: /usr/bin
PATH: /root/bin


## ----------- ##
## Core tests. ##
## ----------- ##

configure:2381: checking for a BSD-compatible install
configure:2449: result: /usr/bin/install -c
configure:2466: checking build system type
configure:2480: result: x86_64-unknown-linux-gnu
configure:2500: checking host system type
configure:2513: result: x86_64-unknown-linux-gnu
configure:2582: checking for gcc
configure:2598: found /usr/bin/gcc
configure:2609: result: gcc
configure:2838: checking for C compiler version
configure:2847: gcc --version >&5
gcc (GCC) 4.4.7 20120313 (Red Hat 4.4.7-3)
Copyright (C) 2010 Free Software Foundation, Inc.
This is free software; see the source for copying conditions.  There is NO
warranty; not even for MERCHANTABILITY or FITNESS FOR A PARTICULAR PURPOSE.

configure:2858: $? = 0
configure:2847: gcc -v >&5
Using built-in specs.
Target: x86_64-redhat-linux
Configured with: ../configure --prefix=/usr --mandir=/usr/share/man --infodir=/usr/share/info --with-bugurl=http://bugzilla.redhat.com/bugzilla --enable-bootstrap --enable-shared --enable-threads=posix --enable-checking=release --with-system-zlib --enable-__cxa_atexit --disable-libunwind-exceptions --enable-gnu-unique-object --enable-languages=c,c++,objc,obj-c++,java,fortran,ada --enable-java-awt=gtk --disable-dssi --with-java-home=/usr/lib/jvm/java-1.5.0-gcj-1.5.0.0/jre --enable-libgcj-multifile --enable-java-maintainer-mode --with-ecj-jar=/usr/share/java/eclipse-ecj.jar --disable-libjava-multilib --with-ppl --with-cloog --with-tune=generic --with-arch_32=i686 --build=x86_64-redhat-linux
Thread model: posix
gcc version 4.4.7 20120313 (Red Hat 4.4.7-3) (GCC) 
configure:2858: $? = 0
configure:2847: gcc -V >&5
gcc: '-V' option must have argument
configure:2858: $? = 1
configure:2847: gcc -qversion >&5
gcc: unrecognized option '-qversion'
gcc: no input files
configure:2858: $? = 1
configure:2878: checking whether the C compiler works
configure:2900: gcc    conftest.c  >&5
configure:2904: $? = 0
configure:2952: result: yes
configure:2955: checking for C compiler default output file name
configure:2957: result: a.out
configure:2963: checking for suffix of executables
configure:2970: gcc -o conftest    conftest.c  >&5
configure:2974: $? = 0
configure:2996: result: 
configure:3018: checking whether we are cross compiling
configure:3026: gcc -o conftest    conftest.c  >&5
configure:3030: $? = 0
configure:3037: ./conftest
configure:3041: $? = 0
configure:3056: result: no
configure:3061: checking for suffix of object files
configure:3083: gcc -c   conftest.c >&5
configure:3087: $? = 0
configure:3108: result: o
configure:3112: checking whether we are using the GNU C compiler
configure:3131: gcc -c   conftest.c >&5
configure:3131: $? = 0
configure:3140: result: yes
configure:3149: checking whether gcc accepts -g
configure:3169: gcc -c -g  conftest.c >&5
configure:3169: $? = 0
configure:3210: result: yes
configure:3227: checking for gcc option to accept ISO C89
configure:3290: gcc  -c -g -O2  conftest.c >&5
configure:3290: $? = 0
configure:3303: result: none needed
configure:3323: checking whether make sets $(MAKE)
configure:3345: result: yes
configure:3356: checking for strip
configure:3374: found /usr/bin/strip
configure:3387: result: /usr/bin/strip
configure:3402: checking how to run the C preprocessor
configure:3433: gcc -E  conftest.c
configure:3433: $? = 0
configure:3447: gcc -E  conftest.c
conftest.c:9:28: error: ac_nonexistent.h: No such file or directory
configure:3447: $? = 1
configure: failed program was:
| /* confdefs.h */
| #define PACKAGE_NAME ""
| #define PACKAGE_TARNAME ""
| #define PACKAGE_VERSION ""
| #define PACKAGE_STRING ""
| #define PACKAGE_BUGREPORT ""
| #define PACKAGE_URL ""
| /* end confdefs.h.  */
| #include <ac_nonexistent.h>
configure:3472: result: gcc -E
configure:3492: gcc -E  conftest.c
configure:3492: $? = 0
configure:3506: gcc -E  conftest.c
conftest.c:9:28: error: ac_nonexistent.h: No such file or directory
configure:3506: $? = 1
configure: failed program was:
| /* confdefs.h */
| #define PACKAGE_NAME ""
| #define PACKAGE_TARNAME ""
| #define PACKAGE_VERSION ""
| #define PACKAGE_STRING ""
| #define PACKAGE_BUGREPORT ""
| #define PACKAGE_URL ""
| /* end confdefs.h.  */
| #include <ac_nonexistent.h>
configure:3535: checking for grep that handles long lines and -e
configure:3593: result: /bin/grep
configure:3598: checking for egrep
configure:3660: result: /bin/grep -E
configure:3665: checking for ANSI C header files
configure:3685: gcc -c -g -O2  conftest.c >&5
configure:3685: $? = 0
configure:3758: gcc -o conftest -g -O2   conftest.c  >&5
configure:3758: $? = 0
configure:3758: ./conftest
configure:3758: $? = 0
configure:3769: result: yes
configure:3777: checking whether time.h and sys/time.h may both be included
configure:3797: gcc -c -g -O2  conftest.c >&5
configure:3797: $? = 0
configure:3804: result: yes
configure:3812: checking for sys/wait.h that is POSIX.1 compatible
configure:3838: gcc -c -g -O2  conftest.c >&5
configure:3838: $? = 0
configure:3845: result: yes
configure:3858: checking for sys/types.h
configure:3858: gcc -c -g -O2  conftest.c >&5
configure:3858: $? = 0
configure:3858: result: yes
configure:3858: checking for sys/stat.h
configure:3858: gcc -c -g -O2  conftest.c >&5
configure:3858: $? = 0
configure:3858: result: yes
configure:3858: checking for stdlib.h
configure:3858: gcc -c -g -O2  conftest.c >&5
configure:3858: $? = 0
configure:3858: result: yes
configure:3858: checking for string.h
configure:3858: gcc -c -g -O2  conftest.c >&5
configure:3858: $? = 0
configure:3858: result: yes
configure:3858: checking for memory.h
configure:3858: gcc -c -g -O2  conftest.c >&5
configure:3858: $? = 0
configure:3858: result: yes
configure:3858: checking for strings.h
configure:3858: gcc -c -g -O2  conftest.c >&5
configure:3858: $? = 0
configure:3858: result: yes
configure:3858: checking for inttypes.h
configure:3858: gcc -c -g -O2  conftest.c >&5
configure:3858: $? = 0
configure:3858: result: yes
configure:3858: checking for stdint.h
configure:3858: gcc -c -g -O2  conftest.c >&5
configure:3858: $? = 0
configure:3858: result: yes
configure:3858: checking for unistd.h
configure:3858: gcc -c -g -O2  conftest.c >&5
configure:3858: $? = 0
configure:3858: result: yes
configure:3873: checking arpa/inet.h usability
configure:3873: gcc -c -g -O2  conftest.c >&5
configure:3873: $? = 0
configure:3873: result: yes
configure:3873: checking arpa/inet.h presence
configure:3873: gcc -E  conftest.c
configure:3873: $? = 0
configure:3873: result: yes
configure:3873: checking for arpa/inet.h
configure:3873: result: yes
configure:3873: checking ctype.h usability
configure:3873: gcc -c -g -O2  conftest.c >&5
configure:3873: $? = 0
configure:3873: result: yes
configure:3873: checking ctype.h presence
configure:3873: gcc -E  conftest.c
configure:3873: $? = 0
configure:3873: result: yes
configure:3873: checking for ctype.h
configure:3873: result: yes
configure:3873: checking dirent.h usability
configure:3873: gcc -c -g -O2  conftest.c >&5
configure:3873: $? = 0
configure:3873: result: yes
configure:3873: checking dirent.h presence
configure:3873: gcc -E  conftest.c
configure:3873: $? = 0
configure:3873: result: yes
configure:3873: checking for dirent.h
configure:3873: result: yes
configure:3873: checking errno.h usability
configure:3873: gcc -c -g -O2  conftest.c >&5
configure:3873: $? = 0
configure:3873: result: yes
configure:3873: checking errno.h presence
configure:3873: gcc -E  conftest.c
configure:3873: $? = 0
configure:3873: result: yes
configure:3873: checking for errno.h
configure:3873: result: yes
configure:3873: checking fcntl.h usability
configure:3873: gcc -c -g -O2  conftest.c >&5
configure:3873: $? = 0
configure:3873: result: yes
configure:3873: checking fcntl.h presence
configure:3873: gcc -E  conftest.c
configure:3873: $? = 0
configure:3873: result: yes
configure:3873: checking for fcntl.h
configure:3873: result: yes
configure:3873: checking getopt.h usability
configure:3873: gcc -c -g -O2  conftest.c >&5
configure:3873: $? = 0
configure:3873: result: yes
configure:3873: checking getopt.h presence
configure:3873: gcc -E  conftest.c
configure:3873: $? = 0
configure:3873: result: yes
configure:3873: checking for getopt.h
configure:3873: result: yes
configure:3873: checking grp.h usability
configure:3873: gcc -c -g -O2  conftest.c >&5
configure:3873: $? = 0
configure:3873: result: yes
configure:3873: checking grp.h presence
configure:3873: gcc -E  conftest.c
configure:3873: $? = 0
configure:3873: result: yes
configure:3873: checking for grp.h
configure:3873: result: yes
configure:3873: checking libgen.h usability
configure:3873: gcc -c -g -O2  conftest.c >&5
configure:3873: $? = 0
configure:3873: result: yes
configure:3873: checking libgen.h presence
configure:3873: gcc -E  conftest.c
configure:3873: $? = 0
configure:3873: result: yes
configure:3873: checking for libgen.h
configure:3873: result: yes
configure:3873: checking limits.h usability
configure:3873: gcc -c -g -O2  conftest.c >&5
configure:3873: $? = 0
configure:3873: result: yes
configure:3873: checking limits.h presence
configure:3873: gcc -E  conftest.c
configure:3873: $? = 0
configure:3873: result: yes
configure:3873: checking for limits.h
configure:3873: result: yes
configure:3873: checking math.h usability
configure:3873: gcc -c -g -O2  conftest.c >&5
configure:3873: $? = 0
configure:3873: result: yes
configure:3873: checking math.h presence
configure:3873: gcc -E  conftest.c
configure:3873: $? = 0
configure:3873: result: yes
configure:3873: checking for math.h
configure:3873: result: yes
configure:3873: checking netdb.h usability
configure:3873: gcc -c -g -O2  conftest.c >&5
configure:3873: $? = 0
configure:3873: result: yes
configure:3873: checking netdb.h presence
configure:3873: gcc -E  conftest.c
configure:3873: $? = 0
configure:3873: result: yes
configure:3873: checking for netdb.h
configure:3873: result: yes
configure:3873: checking netinet/in.h usability
configure:3873: gcc -c -g -O2  conftest.c >&5
configure:3873: $? = 0
configure:3873: result: yes
configure:3873: checking netinet/in.h presence
configure:3873: gcc -E  conftest.c
configure:3873: $? = 0
configure:3873: result: yes
configure:3873: checking for netinet/in.h
configure:3873: result: yes
configure:3873: checking pwd.h usability
configure:3873: gcc -c -g -O2  conftest.c >&5
configure:3873: $? = 0
configure:3873: result: yes
configure:3873: checking pwd.h presence
configure:3873: gcc -E  conftest.c
configure:3873: $? = 0
configure:3873: result: yes
configure:3873: checking for pwd.h
configure:3873: result: yes
configure:3873: checking regex.h usability
configure:3873: gcc -c -g -O2  conftest.c >&5
configure:3873: $? = 0
configure:3873: result: yes
configure:3873: checking regex.h presence
configure:3873: gcc -E  conftest.c
configure:3873: $? = 0
configure:3873: result: yes
configure:3873: checking for regex.h
configure:3873: result: yes
configure:3873: checking signal.h usability
configure:3873: gcc -c -g -O2  conftest.c >&5
configure:3873: $? = 0
configure:3873: result: yes
configure:3873: checking signal.h presence
configure:3873: gcc -E  conftest.c
configure:3873: $? = 0
configure:3873: result: yes
configure:3873: checking for signal.h
configure:3873: result: yes
configure:3873: checking socket.h usability
configure:3873: gcc -c -g -O2  conftest.c >&5
conftest.c:69:20: error: socket.h: No such file or directory
configure:3873: $? = 1
configure: failed program was:
| /* confdefs.h */
| #define PACKAGE_NAME ""
| #define PACKAGE_TARNAME ""
| #define PACKAGE_VERSION ""
| #define PACKAGE_STRING ""
| #define PACKAGE_BUGREPORT ""
| #define PACKAGE_URL ""
| #define STDC_HEADERS 1
| #define TIME_WITH_SYS_TIME 1
| #define HAVE_SYS_WAIT_H 1
| #define HAVE_SYS_TYPES_H 1
| #define HAVE_SYS_STAT_H 1
| #define HAVE_STDLIB_H 1
| #define HAVE_STRING_H 1
| #define HAVE_MEMORY_H 1
| #define HAVE_STRINGS_H 1
| #define HAVE_INTTYPES_H 1
| #define HAVE_STDINT_H 1
| #define HAVE_UNISTD_H 1
| #define HAVE_ARPA_INET_H 1
| #define HAVE_CTYPE_H 1
| #define HAVE_DIRENT_H 1
| #define HAVE_ERRNO_H 1
| #define HAVE_FCNTL_H 1
| #define HAVE_GETOPT_H 1
| #define HAVE_GRP_H 1
| #define HAVE_LIBGEN_H 1
| #define HAVE_LIMITS_H 1
| #define HAVE_MATH_H 1
| #define HAVE_NETDB_H 1
| #define HAVE_NETINET_IN_H 1
| #define HAVE_PWD_H 1
| #define HAVE_REGEX_H 1
| #define HAVE_SIGNAL_H 1
| /* end confdefs.h.  */
| #include <stdio.h>
| #ifdef HAVE_SYS_TYPES_H
| # include <sys/types.h>
| #endif
| #ifdef HAVE_SYS_STAT_H
| # include <sys/stat.h>
| #endif
| #ifdef STDC_HEADERS
| # include <stdlib.h>
| # include <stddef.h>
| #else
| # ifdef HAVE_STDLIB_H
| #  include <stdlib.h>
| # endif
| #endif
| #ifdef HAVE_STRING_H
| # if !defined STDC_HEADERS && defined HAVE_MEMORY_H
| #  include <memory.h>
| # endif
| # include <string.h>
| #endif
| #ifdef HAVE_STRINGS_H
| # include <strings.h>
| #endif
| #ifdef HAVE_INTTYPES_H
| # include <inttypes.h>
| #endif
| #ifdef HAVE_STDINT_H
| # include <stdint.h>
| #endif
| #ifdef HAVE_UNISTD_H
| # include <unistd.h>
| #endif
| #include <socket.h>
configure:3873: result: no
configure:3873: checking socket.h presence
configure:3873: gcc -E  conftest.c
conftest.c:36:20: error: socket.h: No such file or directory
configure:3873: $? = 1
configure: failed program was:
| /* confdefs.h */
| #define PACKAGE_NAME ""
| #define PACKAGE_TARNAME ""
| #define PACKAGE_VERSION ""
| #define PACKAGE_STRING ""
| #define PACKAGE_BUGREPORT ""
| #define PACKAGE_URL ""
| #define STDC_HEADERS 1
| #define TIME_WITH_SYS_TIME 1
| #define HAVE_SYS_WAIT_H 1
| #define HAVE_SYS_TYPES_H 1
| #define HAVE_SYS_STAT_H 1
| #define HAVE_STDLIB_H 1
| #define HAVE_STRING_H 1
| #define HAVE_MEMORY_H 1
| #define HAVE_STRINGS_H 1
| #define HAVE_INTTYPES_H 1
| #define HAVE_STDINT_H 1
| #define HAVE_UNISTD_H 1
| #define HAVE_ARPA_INET_H 1
| #define HAVE_CTYPE_H 1
| #define HAVE_DIRENT_H 1
| #define HAVE_ERRNO_H 1
| #define HAVE_FCNTL_H 1
| #define HAVE_GETOPT_H 1
| #define HAVE_GRP_H 1
| #define HAVE_LIBGEN_H 1
| #define HAVE_LIMITS_H 1
| #define HAVE_MATH_H 1
| #define HAVE_NETDB_H 1
| #define HAVE_NETINET_IN_H 1
| #define HAVE_PWD_H 1
| #define HAVE_REGEX_H 1
| #define HAVE_SIGNAL_H 1
| /* end confdefs.h.  */
| #include <socket.h>
configure:3873: result: no
configure:3873: checking for socket.h
configure:3873: result: no
configure:3873: checking stdarg.h usability
configure:3873: gcc -c -g -O2  conftest.c >&5
configure:3873: $? = 0
configure:3873: result: yes
configure:3873: checking stdarg.h presence
configure:3873: gcc -E  conftest.c
configure:3873: $? = 0
configure:3873: result: yes
configure:3873: checking for stdarg.h
configure:3873: result: yes
configure:3873: checking for string.h
configure:3873: result: yes
configure:3873: checking for strings.h
configure:3873: result: yes
configure:3873: checking sys/mman.h usability
configure:3873: gcc -c -g -O2  conftest.c >&5
configure:3873: $? = 0
configure:3873: result: yes
configure:3873: checking sys/mman.h presence
configure:3873: gcc -E  conftest.c
configure:3873: $? = 0
configure:3873: result: yes
configure:3873: checking for sys/mman.h
configure:3873: result: yes
configure:3873: checking for sys/types.h
configure:3873: result: yes
configure:3873: checking sys/time.h usability
configure:3873: gcc -c -g -O2  conftest.c >&5
configure:3873: $? = 0
configure:3873: result: yes
configure:3873: checking sys/time.h presence
configure:3873: gcc -E  conftest.c
configure:3873: $? = 0
configure:3873: result: yes
configure:3873: checking for sys/time.h
configure:3873: result: yes
configure:3873: checking sys/resource.h usability
configure:3873: gcc -c -g -O2  conftest.c >&5
configure:3873: $? = 0
configure:3873: result: yes
configure:3873: checking sys/resource.h presence
configure:3873: gcc -E  conftest.c
configure:3873: $? = 0
configure:3873: result: yes
configure:3873: checking for sys/resource.h
configure:3873: result: yes
configure:3873: checking for sys/wait.h
configure:3873: result: yes
configure:3873: checking sys/socket.h usability
configure:3873: gcc -c -g -O2  conftest.c >&5
configure:3873: $? = 0
configure:3873: result: yes
configure:3873: checking sys/socket.h presence
configure:3873: gcc -E  conftest.c
configure:3873: $? = 0
configure:3873: result: yes
configure:3873: checking for sys/socket.h
configure:3873: result: yes
configure:3873: checking for sys/stat.h
configure:3873: result: yes
configure:3873: checking sys/timeb.h usability
configure:3873: gcc -c -g -O2  conftest.c >&5
configure:3873: $? = 0
configure:3873: result: yes
configure:3873: checking sys/timeb.h presence
configure:3873: gcc -E  conftest.c
configure:3873: $? = 0
configure:3873: result: yes
configure:3873: checking for sys/timeb.h
configure:3873: result: yes
configure:3873: checking sys/un.h usability
configure:3873: gcc -c -g -O2  conftest.c >&5
configure:3873: $? = 0
configure:3873: result: yes
configure:3873: checking sys/un.h presence
configure:3873: gcc -E  conftest.c
configure:3873: $? = 0
configure:3873: result: yes
configure:3873: checking for sys/un.h
configure:3873: result: yes
configure:3873: checking sys/ipc.h usability
configure:3873: gcc -c -g -O2  conftest.c >&5
configure:3873: $? = 0
configure:3873: result: yes
configure:3873: checking sys/ipc.h presence
configure:3873: gcc -E  conftest.c
configure:3873: $? = 0
configure:3873: result: yes
configure:3873: checking for sys/ipc.h
configure:3873: result: yes
configure:3873: checking sys/msg.h usability
configure:3873: gcc -c -g -O2  conftest.c >&5
configure:3873: $? = 0
configure:3873: result: yes
configure:3873: checking sys/msg.h presence
configure:3873: gcc -E  conftest.c
configure:3873: $? = 0
configure:3873: result: yes
configure:3873: checking for sys/msg.h
configure:3873: result: yes
configure:3873: checking sys/poll.h usability
configure:3873: gcc -c -g -O2  conftest.c >&5
configure:3873: $? = 0
configure:3873: result: yes
configure:3873: checking sys/poll.h presence
configure:3873: gcc -E  conftest.c
configure:3873: $? = 0
configure:3873: result: yes
configure:3873: checking for sys/poll.h
configure:3873: result: yes
configure:3873: checking syslog.h usability
configure:3873: gcc -c -g -O2  conftest.c >&5
configure:3873: $? = 0
configure:3873: result: yes
configure:3873: checking syslog.h presence
configure:3873: gcc -E  conftest.c
configure:3873: $? = 0
configure:3873: result: yes
configure:3873: checking for syslog.h
configure:3873: result: yes
configure:3873: checking uio.h usability
configure:3873: gcc -c -g -O2  conftest.c >&5
conftest.c:85:17: error: uio.h: No such file or directory
configure:3873: $? = 1
configure: failed program was:
| /* confdefs.h */
| #define PACKAGE_NAME ""
| #define PACKAGE_TARNAME ""
| #define PACKAGE_VERSION ""
| #define PACKAGE_STRING ""
| #define PACKAGE_BUGREPORT ""
| #define PACKAGE_URL ""
| #define STDC_HEADERS 1
| #define TIME_WITH_SYS_TIME 1
| #define HAVE_SYS_WAIT_H 1
| #define HAVE_SYS_TYPES_H 1
| #define HAVE_SYS_STAT_H 1
| #define HAVE_STDLIB_H 1
| #define HAVE_STRING_H 1
| #define HAVE_MEMORY_H 1
| #define HAVE_STRINGS_H 1
| #define HAVE_INTTYPES_H 1
| #define HAVE_STDINT_H 1
| #define HAVE_UNISTD_H 1
| #define HAVE_ARPA_INET_H 1
| #define HAVE_CTYPE_H 1
| #define HAVE_DIRENT_H 1
| #define HAVE_ERRNO_H 1
| #define HAVE_FCNTL_H 1
| #define HAVE_GETOPT_H 1
| #define HAVE_GRP_H 1
| #define HAVE_LIBGEN_H 1
| #define HAVE_LIMITS_H 1
| #define HAVE_MATH_H 1
| #define HAVE_NETDB_H 1
| #define HAVE_NETINET_IN_H 1
| #define HAVE_PWD_H 1
| #define HAVE_REGEX_H 1
| #define HAVE_SIGNAL_H 1
| #define HAVE_STDARG_H 1
| #define HAVE_STRING_H 1
| #define HAVE_STRINGS_H 1
| #define HAVE_SYS_MMAN_H 1
| #define HAVE_SYS_TYPES_H 1
| #define HAVE_SYS_TIME_H 1
| #define HAVE_SYS_RESOURCE_H 1
| #define HAVE_SYS_WAIT_H 1
| #define HAVE_SYS_SOCKET_H 1
| #define HAVE_SYS_STAT_H 1
| #define HAVE_SYS_TIMEB_H 1
| #define HAVE_SYS_UN_H 1
| #define HAVE_SYS_IPC_H 1
| #define HAVE_SYS_MSG_H 1
| #define HAVE_SYS_POLL_H 1
| #define HAVE_SYSLOG_H 1
| /* end confdefs.h.  */
| #include <stdio.h>
| #ifdef HAVE_SYS_TYPES_H
| # include <sys/types.h>
| #endif
| #ifdef HAVE_SYS_STAT_H
| # include <sys/stat.h>
| #endif
| #ifdef STDC_HEADERS
| # include <stdlib.h>
| # include <stddef.h>
| #else
| # ifdef HAVE_STDLIB_H
| #  include <stdlib.h>
| # endif
| #endif
| #ifdef HAVE_STRING_H
| # if !defined STDC_HEADERS && defined HAVE_MEMORY_H
| #  include <memory.h>
| # endif
| # include <string.h>
| #endif
| #ifdef HAVE_STRINGS_H
| # include <strings.h>
| #endif
| #ifdef HAVE_INTTYPES_H
| # include <inttypes.h>
| #endif
| #ifdef HAVE_STDINT_H
| # include <stdint.h>
| #endif
| #ifdef HAVE_UNISTD_H
| # include <unistd.h>
| #endif
| #include <uio.h>
configure:3873: result: no
configure:3873: checking uio.h presence
configure:3873: gcc -E  conftest.c
conftest.c:52:17: error: uio.h: No such file or directory
configure:3873: $? = 1
configure: failed program was:
| /* confdefs.h */
| #define PACKAGE_NAME ""
| #define PACKAGE_TARNAME ""
| #define PACKAGE_VERSION ""
| #define PACKAGE_STRING ""
| #define PACKAGE_BUGREPORT ""
| #define PACKAGE_URL ""
| #define STDC_HEADERS 1
| #define TIME_WITH_SYS_TIME 1
| #define HAVE_SYS_WAIT_H 1
| #define HAVE_SYS_TYPES_H 1
| #define HAVE_SYS_STAT_H 1
| #define HAVE_STDLIB_H 1
| #define HAVE_STRING_H 1
| #define HAVE_MEMORY_H 1
| #define HAVE_STRINGS_H 1
| #define HAVE_INTTYPES_H 1
| #define HAVE_STDINT_H 1
| #define HAVE_UNISTD_H 1
| #define HAVE_ARPA_INET_H 1
| #define HAVE_CTYPE_H 1
| #define HAVE_DIRENT_H 1
| #define HAVE_ERRNO_H 1
| #define HAVE_FCNTL_H 1
| #define HAVE_GETOPT_H 1
| #define HAVE_GRP_H 1
| #define HAVE_LIBGEN_H 1
| #define HAVE_LIMITS_H 1
| #define HAVE_MATH_H 1
| #define HAVE_NETDB_H 1
| #define HAVE_NETINET_IN_H 1
| #define HAVE_PWD_H 1
| #define HAVE_REGEX_H 1
| #define HAVE_SIGNAL_H 1
| #define HAVE_STDARG_H 1
| #define HAVE_STRING_H 1
| #define HAVE_STRINGS_H 1
| #define HAVE_SYS_MMAN_H 1
| #define HAVE_SYS_TYPES_H 1
| #define HAVE_SYS_TIME_H 1
| #define HAVE_SYS_RESOURCE_H 1
| #define HAVE_SYS_WAIT_H 1
| #define HAVE_SYS_SOCKET_H 1
| #define HAVE_SYS_STAT_H 1
| #define HAVE_SYS_TIMEB_H 1
| #define HAVE_SYS_UN_H 1
| #define HAVE_SYS_IPC_H 1
| #define HAVE_SYS_MSG_H 1
| #define HAVE_SYS_POLL_H 1
| #define HAVE_SYSLOG_H 1
| /* end confdefs.h.  */
| #include <uio.h>
configure:3873: result: no
configure:3873: checking for uio.h
configure:3873: result: no
configure:3873: checking for unistd.h
configure:3873: result: yes
configure:3873: checking locale.h usability
configure:3873: gcc -c -g -O2  conftest.c >&5
configure:3873: $? = 0
configure:3873: result: yes
configure:3873: checking locale.h presence
configure:3873: gcc -E  conftest.c
configure:3873: $? = 0
configure:3873: result: yes
configure:3873: checking for locale.h
configure:3873: result: yes
configure:3873: checking wchar.h usability
configure:3873: gcc -c -g -O2  conftest.c >&5
configure:3873: $? = 0
configure:3873: result: yes
configure:3873: checking wchar.h presence
configure:3873: gcc -E  conftest.c
configure:3873: $? = 0
configure:3873: result: yes
configure:3873: checking for wchar.h
configure:3873: result: yes
configure:3884: checking for an ANSI C-conforming const
configure:3950: gcc -c -g -O2  conftest.c >&5
configure:3950: $? = 0
configure:3957: result: yes
configure:3965: checking whether struct tm is in sys/time.h or time.h
configure:3985: gcc -c -g -O2  conftest.c >&5
configure:3985: $? = 0
configure:3992: result: time.h
configure:4000: checking for struct tm.tm_zone
configure:4000: gcc -c -g -O2  conftest.c >&5
configure:4000: $? = 0
configure:4000: result: yes
configure:4067: checking for mode_t
configure:4067: gcc -c -g -O2  conftest.c >&5
configure:4067: $? = 0
configure:4067: gcc -c -g -O2  conftest.c >&5
conftest.c: In function 'main':
conftest.c:93: error: expected expression before ')' token
configure:4067: $? = 1
configure: failed program was:
| /* confdefs.h */
| #define PACKAGE_NAME ""
| #define PACKAGE_TARNAME ""
| #define PACKAGE_VERSION ""
| #define PACKAGE_STRING ""
| #define PACKAGE_BUGREPORT ""
| #define PACKAGE_URL ""
| #define STDC_HEADERS 1
| #define TIME_WITH_SYS_TIME 1
| #define HAVE_SYS_WAIT_H 1
| #define HAVE_SYS_TYPES_H 1
| #define HAVE_SYS_STAT_H 1
| #define HAVE_STDLIB_H 1
| #define HAVE_STRING_H 1
| #define HAVE_MEMORY_H 1
| #define HAVE_STRINGS_H 1
| #define HAVE_INTTYPES_H 1
| #define HAVE_STDINT_H 1
| #define HAVE_UNISTD_H 1
| #define HAVE_ARPA_INET_H 1
| #define HAVE_CTYPE_H 1
| #define HAVE_DIRENT_H 1
| #define HAVE_ERRNO_H 1
| #define HAVE_FCNTL_H 1
| #define HAVE_GETOPT_H 1
| #define HAVE_GRP_H 1
| #define HAVE_LIBGEN_H 1
| #define HAVE_LIMITS_H 1
| #define HAVE_MATH_H 1
| #define HAVE_NETDB_H 1
| #define HAVE_NETINET_IN_H 1
| #define HAVE_PWD_H 1
| #define HAVE_REGEX_H 1
| #define HAVE_SIGNAL_H 1
| #define HAVE_STDARG_H 1
| #define HAVE_STRING_H 1
| #define HAVE_STRINGS_H 1
| #define HAVE_SYS_MMAN_H 1
| #define HAVE_SYS_TYPES_H 1
| #define HAVE_SYS_TIME_H 1
| #define HAVE_SYS_RESOURCE_H 1
| #define HAVE_SYS_WAIT_H 1
| #define HAVE_SYS_SOCKET_H 1
| #define HAVE_SYS_STAT_H 1
| #define HAVE_SYS_TIMEB_H 1
| #define HAVE_SYS_UN_H 1
| #define HAVE_SYS_IPC_H 1
| #define HAVE_SYS_MSG_H 1
| #define HAVE_SYS_POLL_H 1
| #define HAVE_SYSLOG_H 1
| #define HAVE_UNISTD_H 1
| #define HAVE_LOCALE_H 1
| #define HAVE_WCHAR_H 1
| #define HAVE_STRUCT_TM_TM_ZONE 1
| #define HAVE_TM_ZONE 1
| /* end confdefs.h.  */
| #include <stdio.h>
| #ifdef HAVE_SYS_TYPES_H
| # include <sys/types.h>
| #endif
| #ifdef HAVE_SYS_STAT_H
| # include <sys/stat.h>
| #endif
| #ifdef STDC_HEADERS
| # include <stdlib.h>
| # include <stddef.h>
| #else
| # ifdef HAVE_STDLIB_H
| #  include <stdlib.h>
| # endif
| #endif
| #ifdef HAVE_STRING_H
| # if !defined STDC_HEADERS && defined HAVE_MEMORY_H
| #  include <memory.h>
| # endif
| # include <string.h>
| #endif
| #ifdef HAVE_STRINGS_H
| # include <strings.h>
| #endif
| #ifdef HAVE_INTTYPES_H
| # include <inttypes.h>
| #endif
| #ifdef HAVE_STDINT_H
| # include <stdint.h>
| #endif
| #ifdef HAVE_UNISTD_H
| # include <unistd.h>
| #endif
| int
| main ()
| {
| if (sizeof ((mode_t)))
| 	    return 0;
|   ;
|   return 0;
| }
configure:4067: result: yes
configure:4078: checking for pid_t
configure:4078: gcc -c -g -O2  conftest.c >&5
configure:4078: $? = 0
configure:4078: gcc -c -g -O2  conftest.c >&5
conftest.c: In function 'main':
conftest.c:93: error: expected expression before ')' token
configure:4078: $? = 1
configure: failed program was:
| /* confdefs.h */
| #define PACKAGE_NAME ""
| #define PACKAGE_TARNAME ""
| #define PACKAGE_VERSION ""
| #define PACKAGE_STRING ""
| #define PACKAGE_BUGREPORT ""
| #define PACKAGE_URL ""
| #define STDC_HEADERS 1
| #define TIME_WITH_SYS_TIME 1
| #define HAVE_SYS_WAIT_H 1
| #define HAVE_SYS_TYPES_H 1
| #define HAVE_SYS_STAT_H 1
| #define HAVE_STDLIB_H 1
| #define HAVE_STRING_H 1
| #define HAVE_MEMORY_H 1
| #define HAVE_STRINGS_H 1
| #define HAVE_INTTYPES_H 1
| #define HAVE_STDINT_H 1
| #define HAVE_UNISTD_H 1
| #define HAVE_ARPA_INET_H 1
| #define HAVE_CTYPE_H 1
| #define HAVE_DIRENT_H 1
| #define HAVE_ERRNO_H 1
| #define HAVE_FCNTL_H 1
| #define HAVE_GETOPT_H 1
| #define HAVE_GRP_H 1
| #define HAVE_LIBGEN_H 1
| #define HAVE_LIMITS_H 1
| #define HAVE_MATH_H 1
| #define HAVE_NETDB_H 1
| #define HAVE_NETINET_IN_H 1
| #define HAVE_PWD_H 1
| #define HAVE_REGEX_H 1
| #define HAVE_SIGNAL_H 1
| #define HAVE_STDARG_H 1
| #define HAVE_STRING_H 1
| #define HAVE_STRINGS_H 1
| #define HAVE_SYS_MMAN_H 1
| #define HAVE_SYS_TYPES_H 1
| #define HAVE_SYS_TIME_H 1
| #define HAVE_SYS_RESOURCE_H 1
| #define HAVE_SYS_WAIT_H 1
| #define HAVE_SYS_SOCKET_H 1
| #define HAVE_SYS_STAT_H 1
| #define HAVE_SYS_TIMEB_H 1
| #define HAVE_SYS_UN_H 1
| #define HAVE_SYS_IPC_H 1
| #define HAVE_SYS_MSG_H 1
| #define HAVE_SYS_POLL_H 1
| #define HAVE_SYSLOG_H 1
| #define HAVE_UNISTD_H 1
| #define HAVE_LOCALE_H 1
| #define HAVE_WCHAR_H 1
| #define HAVE_STRUCT_TM_TM_ZONE 1
| #define HAVE_TM_ZONE 1
| /* end confdefs.h.  */
| #include <stdio.h>
| #ifdef HAVE_SYS_TYPES_H
| # include <sys/types.h>
| #endif
| #ifdef HAVE_SYS_STAT_H
| # include <sys/stat.h>
| #endif
| #ifdef STDC_HEADERS
| # include <stdlib.h>
| # include <stddef.h>
| #else
| # ifdef HAVE_STDLIB_H
| #  include <stdlib.h>
| # endif
| #endif
| #ifdef HAVE_STRING_H
| # if !defined STDC_HEADERS && defined HAVE_MEMORY_H
| #  include <memory.h>
| # endif
| # include <string.h>
| #endif
| #ifdef HAVE_STRINGS_H
| # include <strings.h>
| #endif
| #ifdef HAVE_INTTYPES_H
| # include <inttypes.h>
| #endif
| #ifdef HAVE_STDINT_H
| # include <stdint.h>
| #endif
| #ifdef HAVE_UNISTD_H
| # include <unistd.h>
| #endif
| int
| main ()
| {
| if (sizeof ((pid_t)))
| 	    return 0;
|   ;
|   return 0;
| }
configure:4078: result: yes
configure:4089: checking for size_t
configure:4089: gcc -c -g -O2  conftest.c >&5
configure:4089: $? = 0
configure:4089: gcc -c -g -O2  conftest.c >&5
conftest.c: In function 'main':
conftest.c:93: error: expected expression before ')' token
configure:4089: $? = 1
configure: failed program was:
| /* confdefs.h */
| #define PACKAGE_NAME ""
| #define PACKAGE_TARNAME ""
| #define PACKAGE_VERSION ""
| #define PACKAGE_STRING ""
| #define PACKAGE_BUGREPORT ""
| #define PACKAGE_URL ""
| #define STDC_HEADERS 1
| #define TIME_WITH_SYS_TIME 1
| #define HAVE_SYS_WAIT_H 1
| #define HAVE_SYS_TYPES_H 1
| #define HAVE_SYS_STAT_H 1
| #define HAVE_STDLIB_H 1
| #define HAVE_STRING_H 1
| #define HAVE_MEMORY_H 1
| #define HAVE_STRINGS_H 1
| #define HAVE_INTTYPES_H 1
| #define HAVE_STDINT_H 1
| #define HAVE_UNISTD_H 1
| #define HAVE_ARPA_INET_H 1
| #define HAVE_CTYPE_H 1
| #define HAVE_DIRENT_H 1
| #define HAVE_ERRNO_H 1
| #define HAVE_FCNTL_H 1
| #define HAVE_GETOPT_H 1
| #define HAVE_GRP_H 1
| #define HAVE_LIBGEN_H 1
| #define HAVE_LIMITS_H 1
| #define HAVE_MATH_H 1
| #define HAVE_NETDB_H 1
| #define HAVE_NETINET_IN_H 1
| #define HAVE_PWD_H 1
| #define HAVE_REGEX_H 1
| #define HAVE_SIGNAL_H 1
| #define HAVE_STDARG_H 1
| #define HAVE_STRING_H 1
| #define HAVE_STRINGS_H 1
| #define HAVE_SYS_MMAN_H 1
| #define HAVE_SYS_TYPES_H 1
| #define HAVE_SYS_TIME_H 1
| #define HAVE_SYS_RESOURCE_H 1
| #define HAVE_SYS_WAIT_H 1
| #define HAVE_SYS_SOCKET_H 1
| #define HAVE_SYS_STAT_H 1
| #define HAVE_SYS_TIMEB_H 1
| #define HAVE_SYS_UN_H 1
| #define HAVE_SYS_IPC_H 1
| #define HAVE_SYS_MSG_H 1
| #define HAVE_SYS_POLL_H 1
| #define HAVE_SYSLOG_H 1
| #define HAVE_UNISTD_H 1
| #define HAVE_LOCALE_H 1
| #define HAVE_WCHAR_H 1
| #define HAVE_STRUCT_TM_TM_ZONE 1
| #define HAVE_TM_ZONE 1
| /* end confdefs.h.  */
| #include <stdio.h>
| #ifdef HAVE_SYS_TYPES_H
| # include <sys/types.h>
| #endif
| #ifdef HAVE_SYS_STAT_H
| # include <sys/stat.h>
| #endif
| #ifdef STDC_HEADERS
| # include <stdlib.h>
| # include <stddef.h>
| #else
| # ifdef HAVE_STDLIB_H
| #  include <stdlib.h>
| # endif
| #endif
| #ifdef HAVE_STRING_H
| # if !defined STDC_HEADERS && defined HAVE_MEMORY_H
| #  include <memory.h>
| # endif
| # include <string.h>
| #endif
| #ifdef HAVE_STRINGS_H
| # include <strings.h>
| #endif
| #ifdef HAVE_INTTYPES_H
| # include <inttypes.h>
| #endif
| #ifdef HAVE_STDINT_H
| # include <stdint.h>
| #endif
| #ifdef HAVE_UNISTD_H
| # include <unistd.h>
| #endif
| int
| main ()
| {
| if (sizeof ((size_t)))
| 	    return 0;
|   ;
|   return 0;
| }
configure:4089: result: yes
configure:4100: checking return type of signal handlers
configure:4118: gcc -c -g -O2  conftest.c >&5
conftest.c: In function 'main':
conftest.c:63: error: void value not ignored as it ought to be
configure:4118: $? = 1
configure: failed program was:
| /* confdefs.h */
| #define PACKAGE_NAME ""
| #define PACKAGE_TARNAME ""
| #define PACKAGE_VERSION ""
| #define PACKAGE_STRING ""
| #define PACKAGE_BUGREPORT ""
| #define PACKAGE_URL ""
| #define STDC_HEADERS 1
| #define TIME_WITH_SYS_TIME 1
| #define HAVE_SYS_WAIT_H 1
| #define HAVE_SYS_TYPES_H 1
| #define HAVE_SYS_STAT_H 1
| #define HAVE_STDLIB_H 1
| #define HAVE_STRING_H 1
| #define HAVE_MEMORY_H 1
| #define HAVE_STRINGS_H 1
| #define HAVE_INTTYPES_H 1
| #define HAVE_STDINT_H 1
| #define HAVE_UNISTD_H 1
| #define HAVE_ARPA_INET_H 1
| #define HAVE_CTYPE_H 1
| #define HAVE_DIRENT_H 1
| #define HAVE_ERRNO_H 1
| #define HAVE_FCNTL_H 1
| #define HAVE_GETOPT_H 1
| #define HAVE_GRP_H 1
| #define HAVE_LIBGEN_H 1
| #define HAVE_LIMITS_H 1
| #define HAVE_MATH_H 1
| #define HAVE_NETDB_H 1
| #define HAVE_NETINET_IN_H 1
| #define HAVE_PWD_H 1
| #define HAVE_REGEX_H 1
| #define HAVE_SIGNAL_H 1
| #define HAVE_STDARG_H 1
| #define HAVE_STRING_H 1
| #define HAVE_STRINGS_H 1
| #define HAVE_SYS_MMAN_H 1
| #define HAVE_SYS_TYPES_H 1
| #define HAVE_SYS_TIME_H 1
| #define HAVE_SYS_RESOURCE_H 1
| #define HAVE_SYS_WAIT_H 1
| #define HAVE_SYS_SOCKET_H 1
| #define HAVE_SYS_STAT_H 1
| #define HAVE_SYS_TIMEB_H 1
| #define HAVE_SYS_UN_H 1
| #define HAVE_SYS_IPC_H 1
| #define HAVE_SYS_MSG_H 1
| #define HAVE_SYS_POLL_H 1
| #define HAVE_SYSLOG_H 1
| #define HAVE_UNISTD_H 1
| #define HAVE_LOCALE_H 1
| #define HAVE_WCHAR_H 1
| #define HAVE_STRUCT_TM_TM_ZONE 1
| #define HAVE_TM_ZONE 1
| /* end confdefs.h.  */
| #include <sys/types.h>
| #include <signal.h>
| 
| int
| main ()
| {
| return *(signal (0, 0)) (0) == 1;
|   ;
|   return 0;
| }
configure:4125: result: void
configure:4133: checking for uid_t in sys/types.h
configure:4152: result: yes
configure:4163: checking type of array argument to getgroups
configure:4197: gcc -o conftest -g -O2   conftest.c  >&5
configure:4197: $? = 0
configure:4197: ./conftest
configure:4197: $? = 0
configure:4222: result: gid_t
configure:4232: checking for va_copy
configure:4250: gcc -o conftest -g -O2   conftest.c  >&5
configure:4250: $? = 0
configure:4258: result: yes
configure:4300: checking for vsnprintf
configure:4300: gcc -o conftest -g -O2   conftest.c  >&5
conftest.c:83: warning: conflicting types for built-in function 'vsnprintf'
configure:4300: $? = 0
configure:4300: result: yes
configure:4307: checking for snprintf
configure:4307: gcc -o conftest -g -O2   conftest.c  >&5
conftest.c:83: warning: conflicting types for built-in function 'snprintf'
configure:4307: $? = 0
configure:4307: result: yes
configure:4314: checking for asprintf
configure:4314: gcc -o conftest -g -O2   conftest.c  >&5
configure:4314: $? = 0
configure:4314: result: yes
configure:4321: checking for vasprintf
configure:4321: gcc -o conftest -g -O2   conftest.c  >&5
configure:4321: $? = 0
configure:4321: result: yes
configure:4329: checking for C99 vsnprintf
configure:4365: gcc -o conftest -g -O2   conftest.c  >&5
conftest.c: In function 'foo':
conftest.c:71: warning: incompatible implicit declaration of built-in function 'exit'
conftest.c:78: warning: incompatible implicit declaration of built-in function 'snprintf'
configure:4365: $? = 0
configure:4365: ./conftest
configure:4365: $? = 0
configure:4375: result: yes
configure:4386: checking for library containing getservbyname
configure:4417: gcc -o conftest -g -O2   conftest.c  >&5
configure:4417: $? = 0
configure:4434: result: none required
configure:4444: checking for library containing connect
configure:4475: gcc -o conftest -g -O2   conftest.c  >&5
configure:4475: $? = 0
configure:4492: result: none required
configure:4506: checking for initgroups
configure:4506: gcc -o conftest -g -O2   conftest.c  >&5
configure:4506: $? = 0
configure:4506: result: yes
configure:4506: checking for setenv
configure:4506: gcc -o conftest -g -O2   conftest.c  >&5
configure:4506: $? = 0
configure:4506: result: yes
configure:4506: checking for strdup
configure:4506: gcc -o conftest -g -O2   conftest.c  >&5
conftest.c:86: warning: conflicting types for built-in function 'strdup'
configure:4506: $? = 0
configure:4506: result: yes
configure:4506: checking for strstr
configure:4506: gcc -o conftest -g -O2   conftest.c  >&5
conftest.c:87: warning: conflicting types for built-in function 'strstr'
configure:4506: $? = 0
configure:4506: result: yes
configure:4506: checking for strtoul
configure:4506: gcc -o conftest -g -O2   conftest.c  >&5
configure:4506: $? = 0
configure:4506: result: yes
configure:4506: checking for unsetenv
configure:4506: gcc -o conftest -g -O2   conftest.c  >&5
configure:4506: $? = 0
configure:4506: result: yes
configure:4516: checking for type of socket size
configure:4532: gcc -c -g -O2  conftest.c >&5
configure:4532: $? = 0
configure:4535: result: size_t
configure:4546: checking for library containing nanosleep
configure:4577: gcc -o conftest -g -O2   conftest.c  >&5
configure:4577: $? = 0
configure:4594: result: none required
configure:4672: checking for mail
configure:4690: found /bin/mail
configure:4702: result: /bin/mail
configure:4850: checking for main in -liconv
configure:4869: gcc -o conftest -g -O2   conftest.c -liconv   >&5
/usr/bin/ld: cannot find -liconv
collect2: ld returned 1 exit status
configure:4869: $? = 1
configure: failed program was:
| /* confdefs.h */
| #define PACKAGE_NAME ""
| #define PACKAGE_TARNAME ""
| #define PACKAGE_VERSION ""
| #define PACKAGE_STRING ""
| #define PACKAGE_BUGREPORT ""
| #define PACKAGE_URL ""
| #define STDC_HEADERS 1
| #define TIME_WITH_SYS_TIME 1
| #define HAVE_SYS_WAIT_H 1
| #define HAVE_SYS_TYPES_H 1
| #define HAVE_SYS_STAT_H 1
| #define HAVE_STDLIB_H 1
| #define HAVE_STRING_H 1
| #define HAVE_MEMORY_H 1
| #define HAVE_STRINGS_H 1
| #define HAVE_INTTYPES_H 1
| #define HAVE_STDINT_H 1
| #define HAVE_UNISTD_H 1
| #define HAVE_ARPA_INET_H 1
| #define HAVE_CTYPE_H 1
| #define HAVE_DIRENT_H 1
| #define HAVE_ERRNO_H 1
| #define HAVE_FCNTL_H 1
| #define HAVE_GETOPT_H 1
| #define HAVE_GRP_H 1
| #define HAVE_LIBGEN_H 1
| #define HAVE_LIMITS_H 1
| #define HAVE_MATH_H 1
| #define HAVE_NETDB_H 1
| #define HAVE_NETINET_IN_H 1
| #define HAVE_PWD_H 1
| #define HAVE_REGEX_H 1
| #define HAVE_SIGNAL_H 1
| #define HAVE_STDARG_H 1
| #define HAVE_STRING_H 1
| #define HAVE_STRINGS_H 1
| #define HAVE_SYS_MMAN_H 1
| #define HAVE_SYS_TYPES_H 1
| #define HAVE_SYS_TIME_H 1
| #define HAVE_SYS_RESOURCE_H 1
| #define HAVE_SYS_WAIT_H 1
| #define HAVE_SYS_SOCKET_H 1
| #define HAVE_SYS_STAT_H 1
| #define HAVE_SYS_TIMEB_H 1
| #define HAVE_SYS_UN_H 1
| #define HAVE_SYS_IPC_H 1
| #define HAVE_SYS_MSG_H 1
| #define HAVE_SYS_POLL_H 1
| #define HAVE_SYSLOG_H 1
| #define HAVE_UNISTD_H 1
| #define HAVE_LOCALE_H 1
| #define HAVE_WCHAR_H 1
| #define HAVE_STRUCT_TM_TM_ZONE 1
| #define HAVE_TM_ZONE 1
| #define RETSIGTYPE void
| #define GETGROUPS_T gid_t
| #define HAVE_VA_COPY 1
| #define HAVE_C99_VSNPRINTF 1
| #define HAVE_INITGROUPS 1
| #define HAVE_SETENV 1
| #define HAVE_STRDUP 1
| #define HAVE_STRSTR 1
| #define HAVE_STRTOUL 1
| #define HAVE_UNSETENV 1
| #define SOCKET_SIZE_TYPE size_t
| #define DEFAULT_NAGIOS_USER "nagios"
| #define DEFAULT_NAGIOS_GROUP "nagios"
| #define USE_STATUSWRL /**/
| /* end confdefs.h.  */
| 
| 
| int
| main ()
| {
| return main ();
|   ;
|   return 0;
| }
configure:4878: result: no
configure:4886: checking for gdImagePng in -lgd (order 1)
configure:4909: gcc -o conftest -g -O2   conftest.c -lgd -lttf -lpng -ljpeg -lz -lm  >&5
/usr/bin/ld: cannot find -lgd
collect2: ld returned 1 exit status
configure:4909: $? = 1
configure: failed program was:
| /* confdefs.h */
| #define PACKAGE_NAME ""
| #define PACKAGE_TARNAME ""
| #define PACKAGE_VERSION ""
| #define PACKAGE_STRING ""
| #define PACKAGE_BUGREPORT ""
| #define PACKAGE_URL ""
| #define STDC_HEADERS 1
| #define TIME_WITH_SYS_TIME 1
| #define HAVE_SYS_WAIT_H 1
| #define HAVE_SYS_TYPES_H 1
| #define HAVE_SYS_STAT_H 1
| #define HAVE_STDLIB_H 1
| #define HAVE_STRING_H 1
| #define HAVE_MEMORY_H 1
| #define HAVE_STRINGS_H 1
| #define HAVE_INTTYPES_H 1
| #define HAVE_STDINT_H 1
| #define HAVE_UNISTD_H 1
| #define HAVE_ARPA_INET_H 1
| #define HAVE_CTYPE_H 1
| #define HAVE_DIRENT_H 1
| #define HAVE_ERRNO_H 1
| #define HAVE_FCNTL_H 1
| #define HAVE_GETOPT_H 1
| #define HAVE_GRP_H 1
| #define HAVE_LIBGEN_H 1
| #define HAVE_LIMITS_H 1
| #define HAVE_MATH_H 1
| #define HAVE_NETDB_H 1
| #define HAVE_NETINET_IN_H 1
| #define HAVE_PWD_H 1
| #define HAVE_REGEX_H 1
| #define HAVE_SIGNAL_H 1
| #define HAVE_STDARG_H 1
| #define HAVE_STRING_H 1
| #define HAVE_STRINGS_H 1
| #define HAVE_SYS_MMAN_H 1
| #define HAVE_SYS_TYPES_H 1
| #define HAVE_SYS_TIME_H 1
| #define HAVE_SYS_RESOURCE_H 1
| #define HAVE_SYS_WAIT_H 1
| #define HAVE_SYS_SOCKET_H 1
| #define HAVE_SYS_STAT_H 1
| #define HAVE_SYS_TIMEB_H 1
| #define HAVE_SYS_UN_H 1
| #define HAVE_SYS_IPC_H 1
| #define HAVE_SYS_MSG_H 1
| #define HAVE_SYS_POLL_H 1
| #define HAVE_SYSLOG_H 1
| #define HAVE_UNISTD_H 1
| #define HAVE_LOCALE_H 1
| #define HAVE_WCHAR_H 1
| #define HAVE_STRUCT_TM_TM_ZONE 1
| #define HAVE_TM_ZONE 1
| #define RETSIGTYPE void
| #define GETGROUPS_T gid_t
| #define HAVE_VA_COPY 1
| #define HAVE_C99_VSNPRINTF 1
| #define HAVE_INITGROUPS 1
| #define HAVE_SETENV 1
| #define HAVE_STRDUP 1
| #define HAVE_STRSTR 1
| #define HAVE_STRTOUL 1
| #define HAVE_UNSETENV 1
| #define SOCKET_SIZE_TYPE size_t
| #define DEFAULT_NAGIOS_USER "nagios"
| #define DEFAULT_NAGIOS_GROUP "nagios"
| #define USE_STATUSWRL /**/
| /* end confdefs.h.  */
| 	/* Override any gcc2 internal prototype to avoid an error.  */
| /* We use char because int might match the return type of a gcc2
|     builtin and then its argument prototype would still apply.  */
| char gdImagePng();
| 
| int
| main ()
| {
| gdImagePng()
|   ;
|   return 0;
| }
configure:4927: result: no
configure:4934: checking for gdImagePng in -lgd (order 2)
configure:4957: gcc -o conftest -g -O2   conftest.c -lgd  -lpng -ljpeg -lz -lm  >&5
/usr/bin/ld: cannot find -lgd
collect2: ld returned 1 exit status
configure:4957: $? = 1
configure: failed program was:
| /* confdefs.h */
| #define PACKAGE_NAME ""
| #define PACKAGE_TARNAME ""
| #define PACKAGE_VERSION ""
| #define PACKAGE_STRING ""
| #define PACKAGE_BUGREPORT ""
| #define PACKAGE_URL ""
| #define STDC_HEADERS 1
| #define TIME_WITH_SYS_TIME 1
| #define HAVE_SYS_WAIT_H 1
| #define HAVE_SYS_TYPES_H 1
| #define HAVE_SYS_STAT_H 1
| #define HAVE_STDLIB_H 1
| #define HAVE_STRING_H 1
| #define HAVE_MEMORY_H 1
| #define HAVE_STRINGS_H 1
| #define HAVE_INTTYPES_H 1
| #define HAVE_STDINT_H 1
| #define HAVE_UNISTD_H 1
| #define HAVE_ARPA_INET_H 1
| #define HAVE_CTYPE_H 1
| #define HAVE_DIRENT_H 1
| #define HAVE_ERRNO_H 1
| #define HAVE_FCNTL_H 1
| #define HAVE_GETOPT_H 1
| #define HAVE_GRP_H 1
| #define HAVE_LIBGEN_H 1
| #define HAVE_LIMITS_H 1
| #define HAVE_MATH_H 1
| #define HAVE_NETDB_H 1
| #define HAVE_NETINET_IN_H 1
| #define HAVE_PWD_H 1
| #define HAVE_REGEX_H 1
| #define HAVE_SIGNAL_H 1
| #define HAVE_STDARG_H 1
| #define HAVE_STRING_H 1
| #define HAVE_STRINGS_H 1
| #define HAVE_SYS_MMAN_H 1
| #define HAVE_SYS_TYPES_H 1
| #define HAVE_SYS_TIME_H 1
| #define HAVE_SYS_RESOURCE_H 1
| #define HAVE_SYS_WAIT_H 1
| #define HAVE_SYS_SOCKET_H 1
| #define HAVE_SYS_STAT_H 1
| #define HAVE_SYS_TIMEB_H 1
| #define HAVE_SYS_UN_H 1
| #define HAVE_SYS_IPC_H 1
| #define HAVE_SYS_MSG_H 1
| #define HAVE_SYS_POLL_H 1
| #define HAVE_SYSLOG_H 1
| #define HAVE_UNISTD_H 1
| #define HAVE_LOCALE_H 1
| #define HAVE_WCHAR_H 1
| #define HAVE_STRUCT_TM_TM_ZONE 1
| #define HAVE_TM_ZONE 1
| #define RETSIGTYPE void
| #define GETGROUPS_T gid_t
| #define HAVE_VA_COPY 1
| #define HAVE_C99_VSNPRINTF 1
| #define HAVE_INITGROUPS 1
| #define HAVE_SETENV 1
| #define HAVE_STRDUP 1
| #define HAVE_STRSTR 1
| #define HAVE_STRTOUL 1
| #define HAVE_UNSETENV 1
| #define SOCKET_SIZE_TYPE size_t
| #define DEFAULT_NAGIOS_USER "nagios"
| #define DEFAULT_NAGIOS_GROUP "nagios"
| #define USE_STATUSWRL /**/
| /* end confdefs.h.  */
| 	/* Override any gcc2 internal prototype to avoid an error.  */
| /* We use char because int might match the return type of a gcc2
|     builtin and then its argument prototype would still apply.  */
| char gdImagePng();
| 
| int
| main ()
| {
| gdImagePng()
|   ;
|   return 0;
| }
configure:4975: result: no
configure:4983: checking for gdImagePng in -lgd (order 3)
configure:5006: gcc -o conftest -g -O2   conftest.c -lgd  -lz -lm -lpng  >&5
/usr/bin/ld: cannot find -lgd
collect2: ld returned 1 exit status
configure:5006: $? = 1
configure: failed program was:
| /* confdefs.h */
| #define PACKAGE_NAME ""
| #define PACKAGE_TARNAME ""
| #define PACKAGE_VERSION ""
| #define PACKAGE_STRING ""
| #define PACKAGE_BUGREPORT ""
| #define PACKAGE_URL ""
| #define STDC_HEADERS 1
| #define TIME_WITH_SYS_TIME 1
| #define HAVE_SYS_WAIT_H 1
| #define HAVE_SYS_TYPES_H 1
| #define HAVE_SYS_STAT_H 1
| #define HAVE_STDLIB_H 1
| #define HAVE_STRING_H 1
| #define HAVE_MEMORY_H 1
| #define HAVE_STRINGS_H 1
| #define HAVE_INTTYPES_H 1
| #define HAVE_STDINT_H 1
| #define HAVE_UNISTD_H 1
| #define HAVE_ARPA_INET_H 1
| #define HAVE_CTYPE_H 1
| #define HAVE_DIRENT_H 1
| #define HAVE_ERRNO_H 1
| #define HAVE_FCNTL_H 1
| #define HAVE_GETOPT_H 1
| #define HAVE_GRP_H 1
| #define HAVE_LIBGEN_H 1
| #define HAVE_LIMITS_H 1
| #define HAVE_MATH_H 1
| #define HAVE_NETDB_H 1
| #define HAVE_NETINET_IN_H 1
| #define HAVE_PWD_H 1
| #define HAVE_REGEX_H 1
| #define HAVE_SIGNAL_H 1
| #define HAVE_STDARG_H 1
| #define HAVE_STRING_H 1
| #define HAVE_STRINGS_H 1
| #define HAVE_SYS_MMAN_H 1
| #define HAVE_SYS_TYPES_H 1
| #define HAVE_SYS_TIME_H 1
| #define HAVE_SYS_RESOURCE_H 1
| #define HAVE_SYS_WAIT_H 1
| #define HAVE_SYS_SOCKET_H 1
| #define HAVE_SYS_STAT_H 1
| #define HAVE_SYS_TIMEB_H 1
| #define HAVE_SYS_UN_H 1
| #define HAVE_SYS_IPC_H 1
| #define HAVE_SYS_MSG_H 1
| #define HAVE_SYS_POLL_H 1
| #define HAVE_SYSLOG_H 1
| #define HAVE_UNISTD_H 1
| #define HAVE_LOCALE_H 1
| #define HAVE_WCHAR_H 1
| #define HAVE_STRUCT_TM_TM_ZONE 1
| #define HAVE_TM_ZONE 1
| #define RETSIGTYPE void
| #define GETGROUPS_T gid_t
| #define HAVE_VA_COPY 1
| #define HAVE_C99_VSNPRINTF 1
| #define HAVE_INITGROUPS 1
| #define HAVE_SETENV 1
| #define HAVE_STRDUP 1
| #define HAVE_STRSTR 1
| #define HAVE_STRTOUL 1
| #define HAVE_UNSETENV 1
| #define SOCKET_SIZE_TYPE size_t
| #define DEFAULT_NAGIOS_USER "nagios"
| #define DEFAULT_NAGIOS_GROUP "nagios"
| #define USE_STATUSWRL /**/
| /* end confdefs.h.  */
| 	/* Override any gcc2 internal prototype to avoid an error.  */
| /* We use char because int might match the return type of a gcc2
|     builtin and then its argument prototype would still apply.  */
| char gdImagePng();
| 
| int
| main ()
| {
| gdImagePng()
|   ;
|   return 0;
| }
configure:5024: result: no
configure:5032: checking for gdImagePng in -lgd (order 4)
configure:5055: gcc -o conftest -g -O2   conftest.c -lgd  -lpng -lz -lm  >&5
/usr/bin/ld: cannot find -lgd
collect2: ld returned 1 exit status
configure:5055: $? = 1
configure: failed program was:
| /* confdefs.h */
| #define PACKAGE_NAME ""
| #define PACKAGE_TARNAME ""
| #define PACKAGE_VERSION ""
| #define PACKAGE_STRING ""
| #define PACKAGE_BUGREPORT ""
| #define PACKAGE_URL ""
| #define STDC_HEADERS 1
| #define TIME_WITH_SYS_TIME 1
| #define HAVE_SYS_WAIT_H 1
| #define HAVE_SYS_TYPES_H 1
| #define HAVE_SYS_STAT_H 1
| #define HAVE_STDLIB_H 1
| #define HAVE_STRING_H 1
| #define HAVE_MEMORY_H 1
| #define HAVE_STRINGS_H 1
| #define HAVE_INTTYPES_H 1
| #define HAVE_STDINT_H 1
| #define HAVE_UNISTD_H 1
| #define HAVE_ARPA_INET_H 1
| #define HAVE_CTYPE_H 1
| #define HAVE_DIRENT_H 1
| #define HAVE_ERRNO_H 1
| #define HAVE_FCNTL_H 1
| #define HAVE_GETOPT_H 1
| #define HAVE_GRP_H 1
| #define HAVE_LIBGEN_H 1
| #define HAVE_LIMITS_H 1
| #define HAVE_MATH_H 1
| #define HAVE_NETDB_H 1
| #define HAVE_NETINET_IN_H 1
| #define HAVE_PWD_H 1
| #define HAVE_REGEX_H 1
| #define HAVE_SIGNAL_H 1
| #define HAVE_STDARG_H 1
| #define HAVE_STRING_H 1
| #define HAVE_STRINGS_H 1
| #define HAVE_SYS_MMAN_H 1
| #define HAVE_SYS_TYPES_H 1
| #define HAVE_SYS_TIME_H 1
| #define HAVE_SYS_RESOURCE_H 1
| #define HAVE_SYS_WAIT_H 1
| #define HAVE_SYS_SOCKET_H 1
| #define HAVE_SYS_STAT_H 1
| #define HAVE_SYS_TIMEB_H 1
| #define HAVE_SYS_UN_H 1
| #define HAVE_SYS_IPC_H 1
| #define HAVE_SYS_MSG_H 1
| #define HAVE_SYS_POLL_H 1
| #define HAVE_SYSLOG_H 1
| #define HAVE_UNISTD_H 1
| #define HAVE_LOCALE_H 1
| #define HAVE_WCHAR_H 1
| #define HAVE_STRUCT_TM_TM_ZONE 1
| #define HAVE_TM_ZONE 1
| #define RETSIGTYPE void
| #define GETGROUPS_T gid_t
| #define HAVE_VA_COPY 1
| #define HAVE_C99_VSNPRINTF 1
| #define HAVE_INITGROUPS 1
| #define HAVE_SETENV 1
| #define HAVE_STRDUP 1
| #define HAVE_STRSTR 1
| #define HAVE_STRTOUL 1
| #define HAVE_UNSETENV 1
| #define SOCKET_SIZE_TYPE size_t
| #define DEFAULT_NAGIOS_USER "nagios"
| #define DEFAULT_NAGIOS_GROUP "nagios"
| #define USE_STATUSWRL /**/
| /* end confdefs.h.  */
| 	/* Override any gcc2 internal prototype to avoid an error.  */
| /* We use char because int might match the return type of a gcc2
|     builtin and then its argument prototype would still apply.  */
| char gdImagePng();
| 
| int
| main ()
| {
| gdImagePng()
|   ;
|   return 0;
| }
configure:5073: result: no
configure:5232: checking ltdl.h usability
configure:5232: gcc -c -g -O2  conftest.c >&5
conftest.c:105:18: error: ltdl.h: No such file or directory
configure:5232: $? = 1
configure: failed program was:
| /* confdefs.h */
| #define PACKAGE_NAME ""
| #define PACKAGE_TARNAME ""
| #define PACKAGE_VERSION ""
| #define PACKAGE_STRING ""
| #define PACKAGE_BUGREPORT ""
| #define PACKAGE_URL ""
| #define STDC_HEADERS 1
| #define TIME_WITH_SYS_TIME 1
| #define HAVE_SYS_WAIT_H 1
| #define HAVE_SYS_TYPES_H 1
| #define HAVE_SYS_STAT_H 1
| #define HAVE_STDLIB_H 1
| #define HAVE_STRING_H 1
| #define HAVE_MEMORY_H 1
| #define HAVE_STRINGS_H 1
| #define HAVE_INTTYPES_H 1
| #define HAVE_STDINT_H 1
| #define HAVE_UNISTD_H 1
| #define HAVE_ARPA_INET_H 1
| #define HAVE_CTYPE_H 1
| #define HAVE_DIRENT_H 1
| #define HAVE_ERRNO_H 1
| #define HAVE_FCNTL_H 1
| #define HAVE_GETOPT_H 1
| #define HAVE_GRP_H 1
| #define HAVE_LIBGEN_H 1
| #define HAVE_LIMITS_H 1
| #define HAVE_MATH_H 1
| #define HAVE_NETDB_H 1
| #define HAVE_NETINET_IN_H 1
| #define HAVE_PWD_H 1
| #define HAVE_REGEX_H 1
| #define HAVE_SIGNAL_H 1
| #define HAVE_STDARG_H 1
| #define HAVE_STRING_H 1
| #define HAVE_STRINGS_H 1
| #define HAVE_SYS_MMAN_H 1
| #define HAVE_SYS_TYPES_H 1
| #define HAVE_SYS_TIME_H 1
| #define HAVE_SYS_RESOURCE_H 1
| #define HAVE_SYS_WAIT_H 1
| #define HAVE_SYS_SOCKET_H 1
| #define HAVE_SYS_STAT_H 1
| #define HAVE_SYS_TIMEB_H 1
| #define HAVE_SYS_UN_H 1
| #define HAVE_SYS_IPC_H 1
| #define HAVE_SYS_MSG_H 1
| #define HAVE_SYS_POLL_H 1
| #define HAVE_SYSLOG_H 1
| #define HAVE_UNISTD_H 1
| #define HAVE_LOCALE_H 1
| #define HAVE_WCHAR_H 1
| #define HAVE_STRUCT_TM_TM_ZONE 1
| #define HAVE_TM_ZONE 1
| #define RETSIGTYPE void
| #define GETGROUPS_T gid_t
| #define HAVE_VA_COPY 1
| #define HAVE_C99_VSNPRINTF 1
| #define HAVE_INITGROUPS 1
| #define HAVE_SETENV 1
| #define HAVE_STRDUP 1
| #define HAVE_STRSTR 1
| #define HAVE_STRTOUL 1
| #define HAVE_UNSETENV 1
| #define SOCKET_SIZE_TYPE size_t
| #define DEFAULT_NAGIOS_USER "nagios"
| #define DEFAULT_NAGIOS_GROUP "nagios"
| #define USE_STATUSWRL /**/
| #define USE_NANOSLEEP /**/
| /* end confdefs.h.  */
| #include <stdio.h>
| #ifdef HAVE_SYS_TYPES_H
| # include <sys/types.h>
| #endif
| #ifdef HAVE_SYS_STAT_H
| # include <sys/stat.h>
| #endif
| #ifdef STDC_HEADERS
| # include <stdlib.h>
| # include <stddef.h>
| #else
| # ifdef HAVE_STDLIB_H
| #  include <stdlib.h>
| # endif
| #endif
| #ifdef HAVE_STRING_H
| # if !defined STDC_HEADERS && defined HAVE_MEMORY_H
| #  include <memory.h>
| # endif
| # include <string.h>
| #endif
| #ifdef HAVE_STRINGS_H
| # include <strings.h>
| #endif
| #ifdef HAVE_INTTYPES_H
| # include <inttypes.h>
| #endif
| #ifdef HAVE_STDINT_H
| # include <stdint.h>
| #endif
| #ifdef HAVE_UNISTD_H
| # include <unistd.h>
| #endif
| #include <ltdl.h>
configure:5232: result: no
configure:5232: checking ltdl.h presence
configure:5232: gcc -E  conftest.c
conftest.c:72:18: error: ltdl.h: No such file or directory
configure:5232: $? = 1
configure: failed program was:
| /* confdefs.h */
| #define PACKAGE_NAME ""
| #define PACKAGE_TARNAME ""
| #define PACKAGE_VERSION ""
| #define PACKAGE_STRING ""
| #define PACKAGE_BUGREPORT ""
| #define PACKAGE_URL ""
| #define STDC_HEADERS 1
| #define TIME_WITH_SYS_TIME 1
| #define HAVE_SYS_WAIT_H 1
| #define HAVE_SYS_TYPES_H 1
| #define HAVE_SYS_STAT_H 1
| #define HAVE_STDLIB_H 1
| #define HAVE_STRING_H 1
| #define HAVE_MEMORY_H 1
| #define HAVE_STRINGS_H 1
| #define HAVE_INTTYPES_H 1
| #define HAVE_STDINT_H 1
| #define HAVE_UNISTD_H 1
| #define HAVE_ARPA_INET_H 1
| #define HAVE_CTYPE_H 1
| #define HAVE_DIRENT_H 1
| #define HAVE_ERRNO_H 1
| #define HAVE_FCNTL_H 1
| #define HAVE_GETOPT_H 1
| #define HAVE_GRP_H 1
| #define HAVE_LIBGEN_H 1
| #define HAVE_LIMITS_H 1
| #define HAVE_MATH_H 1
| #define HAVE_NETDB_H 1
| #define HAVE_NETINET_IN_H 1
| #define HAVE_PWD_H 1
| #define HAVE_REGEX_H 1
| #define HAVE_SIGNAL_H 1
| #define HAVE_STDARG_H 1
| #define HAVE_STRING_H 1
| #define HAVE_STRINGS_H 1
| #define HAVE_SYS_MMAN_H 1
| #define HAVE_SYS_TYPES_H 1
| #define HAVE_SYS_TIME_H 1
| #define HAVE_SYS_RESOURCE_H 1
| #define HAVE_SYS_WAIT_H 1
| #define HAVE_SYS_SOCKET_H 1
| #define HAVE_SYS_STAT_H 1
| #define HAVE_SYS_TIMEB_H 1
| #define HAVE_SYS_UN_H 1
| #define HAVE_SYS_IPC_H 1
| #define HAVE_SYS_MSG_H 1
| #define HAVE_SYS_POLL_H 1
| #define HAVE_SYSLOG_H 1
| #define HAVE_UNISTD_H 1
| #define HAVE_LOCALE_H 1
| #define HAVE_WCHAR_H 1
| #define HAVE_STRUCT_TM_TM_ZONE 1
| #define HAVE_TM_ZONE 1
| #define RETSIGTYPE void
| #define GETGROUPS_T gid_t
| #define HAVE_VA_COPY 1
| #define HAVE_C99_VSNPRINTF 1
| #define HAVE_INITGROUPS 1
| #define HAVE_SETENV 1
| #define HAVE_STRDUP 1
| #define HAVE_STRSTR 1
| #define HAVE_STRTOUL 1
| #define HAVE_UNSETENV 1
| #define SOCKET_SIZE_TYPE size_t
| #define DEFAULT_NAGIOS_USER "nagios"
| #define DEFAULT_NAGIOS_GROUP "nagios"
| #define USE_STATUSWRL /**/
| #define USE_NANOSLEEP /**/
| /* end confdefs.h.  */
| #include <ltdl.h>
configure:5232: result: no
configure:5232: checking for ltdl.h
configure:5232: result: no
configure:5286: checking dlfcn.h usability
configure:5286: gcc -c -g -O2  conftest.c >&5
configure:5286: $? = 0
configure:5286: result: yes
configure:5286: checking dlfcn.h presence
configure:5286: gcc -E  conftest.c
configure:5286: $? = 0
configure:5286: result: yes
configure:5286: checking for dlfcn.h
configure:5286: result: yes
configure:5289: checking for dlopen in -ldl
configure:5314: gcc -o conftest -g -O2   conftest.c -ldl   >&5
configure:5314: $? = 0
configure:5323: result: yes
configure:5351: checking for extra flags needed to export symbols
configure:5374: gcc -o conftest -g -O2  -Wl,-export-dynamic conftest.c  >&5
configure:5374: $? = 0
configure:5406: result:  -Wl,-export-dynamic
configure:5410: checking for linker flags for loadable modules
configure:5444: result: -shared
configure:5488: checking for traceroute
configure:5506: found /bin/traceroute
configure:5518: result: /bin/traceroute
configure:5539: checking for type va_list
configure:5560: gcc -c -g -O2  conftest.c >&5
configure:5560: $? = 0
configure:5561: result: yes
configure:5611: checking for perl
configure:5629: found /usr/bin/perl
configure:5641: result: /usr/bin/perl
configure:5682: creating ./config.status

## ---------------------- ##
## Running config.status. ##
## ---------------------- ##

This file was extended by config.status, which was
generated by GNU Autoconf 2.69.  Invocation command line was

  CONFIG_FILES    = 
  CONFIG_HEADERS  = 
  CONFIG_LINKS    = 
  CONFIG_COMMANDS = 
  $ ./config.status 

on localhost.localdomain

config.status:921: creating Makefile
config.status:921: creating lib/Makefile
config.status:921: creating subst
config.status:921: creating pkginfo
config.status:921: creating base/Makefile
config.status:921: creating common/Makefile
config.status:921: creating contrib/Makefile
config.status:921: creating cgi/Makefile
config.status:921: creating html/Makefile
config.status:921: creating module/Makefile
config.status:921: creating worker/Makefile
config.status:921: creating worker/ping/Makefile
config.status:921: creating xdata/Makefile
config.status:921: creating daemon-init
config.status:921: creating t/Makefile
config.status:921: creating t-tap/Makefile
config.status:921: creating include/config.h
config.status:921: creating lib/snprintf.h
configure:7037: result: *** Configuration summary for nagios 4.0.1 10-15-2013 ***:
configure:7044: result:         Nagios executable:  nagios
configure:7046: result:         Nagios user/group:  nagios,nagios
configure:7048: result:        Command user/group:  nagios,nagcmd
configure:7051: result:              Event Broker:  yes
configure:7057: result:         Install ${prefix}:  /usr/local/nagios
configure:7063: result:     Install ${includedir}:  /usr/local/nagios/include/nagios
configure:7065: result:                 Lock file:  ${prefix}/var/nagios.lock
configure:7067: result:    Check result directory:  ${prefix}/var/spool/checkresults
configure:7069: result:            Init directory:  /etc/rc.d/init.d
configure:7071: result:   Apache conf.d directory:  /etc/httpd/conf.d
configure:7073: result:              Mail program:  /bin/mail
configure:7075: result:                   Host OS:  linux-gnu
configure:7082: result:                  HTML URL:  http://localhost/nagios/
configure:7084: result:                   CGI URL:  http://localhost/nagios/cgi-bin/
configure:7086: result:  Traceroute (used by WAP):  /bin/traceroute

## ---------------- ##
## Cache variables. ##
## ---------------- ##

ac_cv_HAVE_C99_VSNPRINTF=yes
ac_cv_HAVE_VA_COPY=yes
ac_cv_build=x86_64-unknown-linux-gnu
ac_cv_c_compiler_gnu=yes
ac_cv_c_const=yes
ac_cv_env_CC_set=
ac_cv_env_CC_value=
ac_cv_env_CFLAGS_set=
ac_cv_env_CFLAGS_value=
ac_cv_env_CPPFLAGS_set=
ac_cv_env_CPPFLAGS_value=
ac_cv_env_CPP_set=
ac_cv_env_CPP_value=
ac_cv_env_LDFLAGS_set=
ac_cv_env_LDFLAGS_value=
ac_cv_env_LIBS_set=
ac_cv_env_LIBS_value=
ac_cv_env_build_alias_set=
ac_cv_env_build_alias_value=
ac_cv_env_host_alias_set=
ac_cv_env_host_alias_value=
ac_cv_env_target_alias_set=
ac_cv_env_target_alias_value=
ac_cv_func_asprintf=yes
ac_cv_func_initgroups=yes
ac_cv_func_setenv=yes
ac_cv_func_snprintf=yes
ac_cv_func_strdup=yes
ac_cv_func_strstr=yes
ac_cv_func_strtoul=yes
ac_cv_func_unsetenv=yes
ac_cv_func_vasprintf=yes
ac_cv_func_vsnprintf=yes
ac_cv_header_arpa_inet_h=yes
ac_cv_header_ctype_h=yes
ac_cv_header_dirent_h=yes
ac_cv_header_dlfcn_h=yes
ac_cv_header_errno_h=yes
ac_cv_header_fcntl_h=yes
ac_cv_header_getopt_h=yes
ac_cv_header_grp_h=yes
ac_cv_header_inttypes_h=yes
ac_cv_header_libgen_h=yes
ac_cv_header_limits_h=yes
ac_cv_header_locale_h=yes
ac_cv_header_ltdl_h=no
ac_cv_header_math_h=yes
ac_cv_header_memory_h=yes
ac_cv_header_netdb_h=yes
ac_cv_header_netinet_in_h=yes
ac_cv_header_pwd_h=yes
ac_cv_header_regex_h=yes
ac_cv_header_signal_h=yes
ac_cv_header_socket_h=no
ac_cv_header_stdarg_h=yes
ac_cv_header_stdc=yes
ac_cv_header_stdint_h=yes
ac_cv_header_stdlib_h=yes
ac_cv_header_string_h=yes
ac_cv_header_strings_h=yes
ac_cv_header_sys_ipc_h=yes
ac_cv_header_sys_mman_h=yes
ac_cv_header_sys_msg_h=yes
ac_cv_header_sys_poll_h=yes
ac_cv_header_sys_resource_h=yes
ac_cv_header_sys_socket_h=yes
ac_cv_header_sys_stat_h=yes
ac_cv_header_sys_time_h=yes
ac_cv_header_sys_timeb_h=yes
ac_cv_header_sys_types_h=yes
ac_cv_header_sys_un_h=yes
ac_cv_header_sys_wait_h=yes
ac_cv_header_syslog_h=yes
ac_cv_header_time=yes
ac_cv_header_uio_h=no
ac_cv_header_unistd_h=yes
ac_cv_header_wchar_h=yes
ac_cv_host=x86_64-unknown-linux-gnu
ac_cv_lib_dl_dlopen=yes
ac_cv_lib_gd_gdImagePng_1=no
ac_cv_lib_gd_gdImagePng_2=no
ac_cv_lib_gd_gdImagePng_3=no
ac_cv_lib_gd_gdImagePng_4=no
ac_cv_lib_iconv_main=no
ac_cv_member_struct_tm_tm_zone=yes
ac_cv_objext=o
ac_cv_path_EGREP='/bin/grep -E'
ac_cv_path_GREP=/bin/grep
ac_cv_path_MAIL_PROG=/bin/mail
ac_cv_path_PATH_TO_TRACEROUTE=/bin/traceroute
ac_cv_path_PERL=/usr/bin/perl
ac_cv_path_STRIP=/usr/bin/strip
ac_cv_path_install='/usr/bin/install -c'
ac_cv_prog_CPP='gcc -E'
ac_cv_prog_ac_ct_CC=gcc
ac_cv_prog_cc_c89=
ac_cv_prog_cc_g=yes
ac_cv_prog_make_make_set=yes
ac_cv_search_connect='none required'
ac_cv_search_getservbyname='none required'
ac_cv_search_nanosleep='none required'
ac_cv_struct_tm=time.h
ac_cv_type_getgroups=gid_t
ac_cv_type_mode_t=yes
ac_cv_type_pid_t=yes
ac_cv_type_signal=void
ac_cv_type_size_t=yes
ac_cv_type_uid_t=yes

## ----------------- ##
## Output variables. ##
## ----------------- ##

BASEEXTRALIBS=''
BROKERLIBS=' -ldl'
BROKER_H='../include/broker.h ../include/nebmods.h ../include/nebmodules.h ../include/nebcallbacks.h ../include/neberrors.h'
BROKER_LDFLAGS=' -Wl,-export-dynamic'
BROKER_O='broker.o nebmods.o'
CC='gcc'
CFLAGS='-g -O2'
CGIEXTRAS=' statuswrl.cgi'
CHECKRESULTDIR='${prefix}/var/spool/checkresults'
COMMAND_OPTS='-o nagios -g nagcmd'
CPP='gcc -E'
CPPFLAGS=''
DEFS='-DHAVE_CONFIG_H'
ECHO_C=''
ECHO_N='-n'
ECHO_T=''
EGREP='/bin/grep -E'
EXEEXT=''
GDLIBS=''
GREP='/bin/grep'
HTTPD_CONF='/etc/httpd/conf.d'
INITDIR=''
INSTALL='/usr/bin/install -c'
INSTALL_DATA='${INSTALL} -m 644'
INSTALL_OPTS='-o nagios -g nagios'
INSTALL_PROGRAM='${INSTALL}'
INSTALL_SCRIPT='${INSTALL}'
LDFLAGS=''
LIBOBJS=''
LIBS=''
LTLIBOBJS=''
MAIL_PROG='/bin/mail'
MOD_CFLAGS='-fPIC'
MOD_LDFLAGS='-shared'
OBJEXT='o'
PACKAGE_BUGREPORT=''
PACKAGE_NAME=''
PACKAGE_STRING=''
PACKAGE_TARNAME=''
PACKAGE_URL=''
PACKAGE_VERSION=''
PACKDIR='/home/sunbx/Downloads/nagios-4.0.1/pkg'
PATH_SEPARATOR=':'
PATH_TO_TRACEROUTE='/bin/traceroute'
PERL='/usr/bin/perl'
SET_MAKE=''
SHELL='/bin/sh'
SNPRINTF_O=''
SOCKETLIBS=''
STRIP='/usr/bin/strip'
TMPDIR='/tmp'
USE_EVENTBROKER='yes'
USE_LIBTAP='no'
VERSION='4.0.1'
WORKER_CFLAGS='-I ../../include -I ../..'
WORKER_LDFLAGS='-L ../../lib -l nagios'
ac_ct_CC='gcc'
bindir='${exec_prefix}/bin'
build='x86_64-unknown-linux-gnu'
build_alias=''
build_cpu='x86_64'
build_os='linux-gnu'
build_vendor='unknown'
cgiurl='/nagios/cgi-bin'
command_grp='nagcmd'
command_user='nagios'
datadir='${datarootdir}'
datarootdir='${prefix}/share'
docdir='${datarootdir}/doc/${PACKAGE}'
dvidir='${docdir}'
exec_prefix='${prefix}'
host='x86_64-unknown-linux-gnu'
host_alias=''
host_cpu='x86_64'
host_os='linux-gnu'
host_vendor='unknown'
htmldir='${docdir}'
htmurl='/nagios'
includedir='/usr/local/nagios/include/nagios'
infodir='${datarootdir}/info'
init_dir='/etc/rc.d/init.d'
libdir='${exec_prefix}/lib'
libexecdir='${exec_prefix}/libexec'
localedir='${datarootdir}/locale'
localstatedir='${prefix}/var'
lockfile='${prefix}/var/nagios.lock'
mandir='${datarootdir}/man'
nagios_grp='nagios'
nagios_name='nagios'
nagios_user='nagios'
nagiostats_name='nagiostats'
oldincludedir='/usr/include'
pdfdir='${docdir}'
prefix='/usr/local/nagios'
program_transform_name='s,x,x,'
psdir='${docdir}'
sbindir='${exec_prefix}/sbin'
sharedstatedir='${prefix}/com'
subdirs=''
sysconfdir='${prefix}/etc'
target_alias=''

## ----------- ##
## confdefs.h. ##
## ----------- ##

/* confdefs.h */
#define PACKAGE_NAME ""
#define PACKAGE_TARNAME ""
#define PACKAGE_VERSION ""
#define PACKAGE_STRING ""
#define PACKAGE_BUGREPORT ""
#define PACKAGE_URL ""
#define STDC_HEADERS 1
#define TIME_WITH_SYS_TIME 1
#define HAVE_SYS_WAIT_H 1
#define HAVE_SYS_TYPES_H 1
#define HAVE_SYS_STAT_H 1
#define HAVE_STDLIB_H 1
#define HAVE_STRING_H 1
#define HAVE_MEMORY_H 1
#define HAVE_STRINGS_H 1
#define HAVE_INTTYPES_H 1
#define HAVE_STDINT_H 1
#define HAVE_UNISTD_H 1
#define HAVE_ARPA_INET_H 1
#define HAVE_CTYPE_H 1
#define HAVE_DIRENT_H 1
#define HAVE_ERRNO_H 1
#define HAVE_FCNTL_H 1
#define HAVE_GETOPT_H 1
#define HAVE_GRP_H 1
#define HAVE_LIBGEN_H 1
#define HAVE_LIMITS_H 1
#define HAVE_MATH_H 1
#define HAVE_NETDB_H 1
#define HAVE_NETINET_IN_H 1
#define HAVE_PWD_H 1
#define HAVE_REGEX_H 1
#define HAVE_SIGNAL_H 1
#define HAVE_STDARG_H 1
#define HAVE_STRING_H 1
#define HAVE_STRINGS_H 1
#define HAVE_SYS_MMAN_H 1
#define HAVE_SYS_TYPES_H 1
#define HAVE_SYS_TIME_H 1
#define HAVE_SYS_RESOURCE_H 1
#define HAVE_SYS_WAIT_H 1
#define HAVE_SYS_SOCKET_H 1
#define HAVE_SYS_STAT_H 1
#define HAVE_SYS_TIMEB_H 1
#define HAVE_SYS_UN_H 1
#define HAVE_SYS_IPC_H 1
#define HAVE_SYS_MSG_H 1
#define HAVE_SYS_POLL_H 1
#define HAVE_SYSLOG_H 1
#define HAVE_UNISTD_H 1
#define HAVE_LOCALE_H 1
#define HAVE_WCHAR_H 1
#define HAVE_STRUCT_TM_TM_ZONE 1
#define HAVE_TM_ZONE 1
#define RETSIGTYPE void
#define GETGROUPS_T gid_t
#define HAVE_VA_COPY 1
#define HAVE_C99_VSNPRINTF 1
#define HAVE_INITGROUPS 1
#define HAVE_SETENV 1
#define HAVE_STRDUP 1
#define HAVE_STRSTR 1
#define HAVE_STRTOUL 1
#define HAVE_UNSETENV 1
#define SOCKET_SIZE_TYPE size_t
#define DEFAULT_NAGIOS_USER "nagios"
#define DEFAULT_NAGIOS_GROUP "nagios"
#define USE_STATUSWRL /**/
#define USE_NANOSLEEP /**/
#define HAVE_DLFCN_H /**/
#define USE_EVENT_BROKER /**/
#define TRACEROUTE_COMMAND "/bin/traceroute"

configure: exit 0
